TN:
SF:src/Date/index.js
FN:2,(anonymous_0)
FNF:1
FNH:1
FNDA:3,(anonymous_0)
DA:1,2
DA:3,3
DA:4,3
DA:5,3
LF:4
LH:4
BRF:0
BRH:0
end_of_record
TN:
SF:src/DateCalculator/index.js
FN:4,(anonymous_0)
FN:9,(anonymous_1)
FN:18,(anonymous_2)
FN:34,(anonymous_3)
FN:43,(anonymous_4)
FNF:5
FNH:5
FNDA:1,(anonymous_0)
FNDA:3,(anonymous_1)
FNDA:6,(anonymous_2)
FNDA:3,(anonymous_3)
FNDA:8,(anonymous_4)
DA:1,1
DA:3,1
DA:5,1
DA:6,1
DA:10,3
DA:11,3
DA:12,3
DA:14,0
DA:19,6
DA:20,6
DA:21,6
DA:22,6
DA:23,3
DA:24,3
DA:26,3
DA:27,3
DA:30,0
DA:35,3
DA:36,3
DA:37,3
DA:38,3
DA:40,0
DA:44,8
DA:45,12
DA:46,12
DA:49,8
LF:26
LH:23
BRDA:19,0,0,6
BRDA:19,0,1,0
BRDA:22,1,0,3
BRDA:22,1,1,3
BRDA:37,2,0,3
BRDA:37,2,1,0
BRDA:37,3,0,3
BRDA:37,3,1,3
BRDA:37,3,2,2
BRF:9
BRH:7
end_of_record
TN:
SF:src/DateConfig/index.js
FN:4,(anonymous_0)
FN:8,(anonymous_1)
FNF:2
FNH:2
FNDA:2,(anonymous_0)
FNDA:9,(anonymous_1)
DA:1,2
DA:3,2
DA:5,2
DA:9,9
DA:10,9
DA:12,0
LF:6
LH:5
BRDA:9,0,0,9
BRDA:9,0,1,0
BRF:2
BRH:1
end_of_record
TN:
SF:src/DateValidator/index.js
FN:4,(anonymous_0)
FN:8,(anonymous_1)
FN:16,(anonymous_2)
FN:29,(anonymous_3)
FN:41,(anonymous_4)
FN:46,(anonymous_5)
FN:54,(anonymous_6)
FNF:7
FNH:7
FNDA:2,(anonymous_0)
FNDA:7,(anonymous_1)
FNDA:5,(anonymous_2)
FNDA:7,(anonymous_3)
FNDA:14,(anonymous_4)
FNDA:7,(anonymous_5)
FNDA:6,(anonymous_6)
DA:1,2
DA:2,2
DA:3,2
DA:5,2
DA:9,7
DA:10,7
DA:11,2
DA:13,5
DA:17,5
DA:18,5
DA:19,4
DA:20,4
DA:21,4
DA:23,4
DA:25,1
DA:30,7
DA:31,7
DA:32,7
DA:33,2
DA:35,5
DA:37,2
DA:42,14
DA:43,14
DA:47,7
DA:48,5
DA:50,2
DA:55,6
DA:56,6
DA:57,5
DA:58,0
DA:60,5
DA:62,1
LF:32
LH:31
BRDA:10,0,0,2
BRDA:10,0,1,5
BRDA:10,1,0,7
BRDA:10,1,1,6
BRDA:32,2,0,2
BRDA:32,2,1,5
BRDA:47,3,0,5
BRDA:47,3,1,2
BRDA:47,4,0,7
BRDA:47,4,1,7
BRDA:57,5,0,0
BRDA:57,5,1,5
BRF:12
BRH:11
end_of_record
TN:
SF:src/Errors/ConfigErrors.js
FN:2,(anonymous_0)
FNF:1
FNH:0
FNDA:0,(anonymous_0)
DA:1,2
DA:3,0
LF:2
LH:1
BRF:0
BRH:0
end_of_record
TN:
SF:src/Errors/DateErrors.js
FN:2,(anonymous_0)
FNF:1
FNH:1
FNDA:9,(anonymous_0)
DA:1,2
DA:3,9
LF:2
LH:2
BRF:0
BRH:0
end_of_record
TN:
SF:src/config/index.js
FNF:0
FNH:0
DA:1,2
LF:1
LH:1
BRF:0
BRH:0
end_of_record
